#
# There is insufficient memory for the Java Runtime Environment to continue.
# Native memory allocation (malloc) failed to allocate 1048576 bytes for AllocateHeap
# Possible reasons:
#   The system is out of physical RAM or swap space
#   In 32 bit mode, the process size limit was hit
# Possible solutions:
#   Reduce memory load on the system
#   Increase physical memory or swap space
#   Check if swap backing store is full
#   Use 64 bit Java on a 64 bit OS
#   Decrease Java heap size (-Xmx/-Xms)
#   Decrease number of Java threads
#   Decrease Java thread stack sizes (-Xss)
#   Set larger code cache with -XX:ReservedCodeCacheSize=
# This output file may be truncated or incomplete.
#
#  Out of Memory Error (memory/allocation.inline.hpp:61), pid=6664, tid=0x0000000000003b34
#
# JRE version:  (8.0_102-b14) (build )
# Java VM: Java HotSpot(TM) 64-Bit Server VM (25.102-b14 mixed mode windows-amd64 compressed oops)
# Failed to write core dump. Minidumps are not enabled by default on client versions of Windows
#

---------------  T H R E A D  ---------------

Current thread (0x0000000002360800):  JavaThread "Unknown thread" [_thread_in_vm, id=15156, stack(0x0000000002160000,0x0000000002260000)]

Stack: [0x0000000002160000,0x0000000002260000]
[error occurred during error reporting (printing stack bounds), id 0xc0000005]

Native frames: (J=compiled Java code, j=interpreted, Vv=VM code, C=native code)


---------------  P R O C E S S  ---------------

Java Threads: ( => current thread )

Other Threads:

=>0x0000000002360800 (exited) JavaThread "Unknown thread" [_thread_in_vm, id=15156, stack(0x0000000002160000,0x0000000002260000)]

VM state:not at safepoint (normal execution)

VM Mutex/Monitor currently owned by a thread: None

Heap:
 PSYoungGen      total 18944K, used 327K [0x00000000eb200000, 0x00000000ec700000, 0x0000000100000000)
  eden space 16384K, 2% used [0x00000000eb200000,0x00000000eb251ec8,0x00000000ec200000)
  from space 2560K, 0% used [0x00000000ec480000,0x00000000ec480000,0x00000000ec700000)
  to   space 2560K, 0% used [0x00000000ec200000,0x00000000ec200000,0x00000000ec480000)
 ParOldGen       total 44032K, used 0K [0x00000000c1600000, 0x00000000c4100000, 0x00000000eb200000)
  object space 44032K, 0% used [0x00000000c1600000,0x00000000c1600000,0x00000000c4100000)
 Metaspace       used 770K, capacity 4480K, committed 4480K, reserved 1056768K
  class space    used 75K, capacity 384K, committed 384K, reserved 1048576K

Card table byte_map: [0x0000000011820000,0x0000000011a20000] byte_map_base: 0x0000000011215000

Marking Bits: (ParMarkBitMap*) 0x000000007155a6c0
 Begin Bits: [0x0000000011f70000, 0x0000000012f18000)
 End Bits:   [0x0000000012f18000, 0x0000000013ec0000)

Polling page: 0x0000000002030000

CodeCache: size=245760Kb used=328Kb max_used=328Kb free=245431Kb
 bounds [0x0000000002460000, 0x00000000026d0000, 0x0000000011460000]
 total_blobs=58 nmethods=0 adapters=38
 compilation: enabled

Compilation events (0 events):
No events

GC Heap History (0 events):
No events

Deoptimization events (0 events):
No events

Internal exceptions (0 events):
No events

Events (10 events):
Event: 0.072 loading class java/lang/Short
Event: 0.072 loading class java/lang/Short done
Event: 0.072 loading class java/lang/Integer
Event: 0.072 loading class java/lang/Integer done
Event: 0.072 loading class java/lang/Long
Event: 0.072 loading class java/lang/Long done
Event: 0.073 loading class java/lang/NullPointerException
Event: 0.073 loading class java/lang/NullPointerException done
Event: 0.073 loading class java/lang/ArithmeticException
Event: 0.073 loading class java/lang/ArithmeticException done


Dynamic libraries:
0x00007ff77a980000 - 0x00007ff77a9b7000 	C:\Program Files\Java\jdk1.8.0_102\bin\javaw.exe
0x00007ffb44550000 - 0x00007ffb44721000 	C:\WINDOWS\SYSTEM32\ntdll.dll
0x00007ffb44290000 - 0x00007ffb4433b000 	C:\WINDOWS\System32\KERNEL32.DLL
0x00007ffb40c40000 - 0x00007ffb40e5d000 	C:\WINDOWS\System32\KERNELBASE.dll
0x00007ffb43530000 - 0x00007ffb435d2000 	C:\WINDOWS\System32\ADVAPI32.dll
0x00007ffb443b0000 - 0x00007ffb4444e000 	C:\WINDOWS\System32\msvcrt.dll
0x00007ffb43a10000 - 0x00007ffb43a69000 	C:\WINDOWS\System32\sechost.dll
0x00007ffb43c90000 - 0x00007ffb43db1000 	C:\WINDOWS\System32\RPCRT4.dll
0x00007ffb43dc0000 - 0x00007ffb43f25000 	C:\WINDOWS\System32\USER32.dll
0x00007ffb415e0000 - 0x00007ffb415fe000 	C:\WINDOWS\System32\win32u.dll
0x00007ffb433e0000 - 0x00007ffb43414000 	C:\WINDOWS\System32\GDI32.dll
0x00007ffb41600000 - 0x00007ffb41782000 	C:\WINDOWS\System32\gdi32full.dll
0x00007ffb30e40000 - 0x00007ffb310b9000 	C:\WINDOWS\WinSxS\amd64_microsoft.windows.common-controls_6595b64144ccf1df_6.0.14393.447_none_42191651c6827bb3\COMCTL32.dll
0x00007ffb41ae0000 - 0x00007ffb41da7000 	C:\WINDOWS\System32\combase.dll
0x00007ffb40a40000 - 0x00007ffb40b35000 	C:\WINDOWS\System32\ucrtbase.dll
0x00007ffb41a70000 - 0x00007ffb41ada000 	C:\WINDOWS\System32\bcryptPrimitives.dll
0x00007ffb44370000 - 0x00007ffb4439e000 	C:\WINDOWS\System32\IMM32.DLL
0x00000000715e0000 - 0x00000000716b1000 	C:\Program Files\Java\jdk1.8.0_102\jre\bin\msvcr100.dll
0x0000000070d40000 - 0x00000000715da000 	C:\Program Files\Java\jdk1.8.0_102\jre\bin\server\jvm.dll
0x00007ffb443a0000 - 0x00007ffb443a8000 	C:\WINDOWS\System32\PSAPI.DLL
0x00007ffb2c100000 - 0x00007ffb2c109000 	C:\WINDOWS\SYSTEM32\WSOCK32.dll
0x00007ffb43a70000 - 0x00007ffb43ada000 	C:\WINDOWS\System32\WS2_32.dll
0x00007ffb3b720000 - 0x00007ffb3b743000 	C:\WINDOWS\SYSTEM32\WINMM.dll
0x00007ffb344e0000 - 0x00007ffb344ea000 	C:\WINDOWS\SYSTEM32\VERSION.dll
0x00007ffb3b6c0000 - 0x00007ffb3b6eb000 	C:\WINDOWS\SYSTEM32\WINMMBASE.dll
0x00007ffb40bf0000 - 0x00007ffb40c32000 	C:\WINDOWS\System32\cfgmgr32.dll
0x0000000070d30000 - 0x0000000070d3f000 	C:\Program Files\Java\jdk1.8.0_102\jre\bin\verify.dll
0x0000000070d00000 - 0x0000000070d29000 	C:\Program Files\Java\jdk1.8.0_102\jre\bin\java.dll
0x0000000070ce0000 - 0x0000000070cf6000 	C:\Program Files\Java\jdk1.8.0_102\jre\bin\zip.dll

VM Arguments:
jvm_args: -Dfile.encoding=Cp1252 
java_command: com.bayviewglen.assignment.Hangman
java_class_path (initial): C:\Users\jtran\ICS3U\git\Unit Four\bin
Launcher Type: SUN_STANDARD

Environment Variables:
PATH=C:/Program Files/Java/jre1.8.0_102/bin/server;C:/Program Files/Java/jre1.8.0_102/bin;C:/Program Files/Java/jre1.8.0_102/lib/amd64;C:\ProgramData\Oracle\Java\javapath;C:\WINDOWS\system32;C:\WINDOWS;C:\WINDOWS\System32\Wbem;C:\WINDOWS\System32\WindowsPowerShell\v1.0\;C:\Program Files (x86)\Skype\Phone\;C:\Users\jtran\AppData\Local\Microsoft\WindowsApps;;C:\WINDOWS\system32;
USERNAME=jtran
OS=Windows_NT
PROCESSOR_IDENTIFIER=Intel64 Family 6 Model 69 Stepping 1, GenuineIntel



---------------  S Y S T E M  ---------------

OS: Windows 10.0 , 64 bit Build 14393 (10.0.14393.0)

CPU:total 4 (2 cores per cpu, 2 threads per core) family 6 model 69 stepping 1, cmov, cx8, fxsr, mmx, sse, sse2, sse3, ssse3, sse4.1, sse4.2, popcnt, avx, avx2, aes, clmul, erms, lzcnt, ht, tsc, tscinvbit, bmi1, bmi2

Memory: 4k page, physical 4097112k(549348k free), swap 11029352k(5944k free)

vm_info: Java HotSpot(TM) 64-Bit Server VM (25.102-b14) for windows-amd64 JRE (1.8.0_102-b14), built on Jun 22 2016 13:15:21 by "java_re" with MS VC++ 10.0 (VS2010)

time: Sun Nov 27 20:16:49 2016
elapsed time: 0 seconds (0d 0h 0m 0s)

